$ npx --yes hyperframes@0.6.12 render --output /Users/fan/Documents/视频工厂/dist/third_episode_real_review_scene_candidate/hyperframes_cards/closing_summary_card_20.mp4 --quality draft --fps 30 --workers 1

exit_code: 0

STDOUT:

◆  Rendering hyperframes_cards → /Users/fan/Documents/视频工厂/dist/third_episode_real_review_scene_candidate/hyperframes_cards/closing_summary_card_20.mp4
   30fps · draft · 1 workers
   GPU: browser GPU (auto-detect)

[?25l│
◇  Browser: system
[?25h
  ⚠ timed_element_missing_clip_class [card]: <section id="card"> has timing attributes but no class="clip". The element will be visible for the entire composition instead of only during its scheduled time range.
    Fix: Add class="clip" to the element. The HyperFrames runtime uses .clip to control visibility based on data-start/data-duration.
  Continuing render despite lint issues. Use --strict to block.


[2K  █░░░░░░░░░░░░░░░░░░░░░░░░  5%  Compiling composition[Compiler] Injected deterministic @font-face rules for 1 requested font families
[Compiler] Inlined CDN script: https://cdn.jsdelivr.net/npm/gsap@3.14.2/dist/gsap.min.js
[INFO] Compiled composition metadata {"entryFile":"index.html","staticDuration":6.79,"width":1920,"height":1080,"videoCount":0,"audioCount":0,"renderModeHints":{"recommendScreenshot":false,"reasons":[]}}

[2K  ██░░░░░░░░░░░░░░░░░░░░░░░  10%  Extracting video frames[INFO] [Render] No HDR sources detected — rendering SDR

[2K  █████░░░░░░░░░░░░░░░░░░░░  20%  Processing audio tracks
[2K  ██████░░░░░░░░░░░░░░░░░░░  25%  Starting frame capture[INFO] streaming-encode gate {"enabled":true,"configFlag":true,"outputFormat":"mp4","workerCount":1,"durationSeconds":6.79,"maxDurationSeconds":240}
[non-blocking] Failed to load resource: the server responded with a status of 404 (Not Found)

[2K  ██████░░░░░░░░░░░░░░░░░░░  25%  Streaming frame 1/204
[2K  ██████░░░░░░░░░░░░░░░░░░░  26%  Streaming frame 2/204
[2K  ██████░░░░░░░░░░░░░░░░░░░  26%  Streaming frame 3/204
[2K  ██████░░░░░░░░░░░░░░░░░░░  26%  Streaming frame 4/204
[2K  ██████░░░░░░░░░░░░░░░░░░░  26%  Streaming frame 5/204
[2K  ██████░░░░░░░░░░░░░░░░░░░  27%  Streaming frame 6/204
[2K  ██████░░░░░░░░░░░░░░░░░░░  27%  Streaming frame 7/204
[2K  ██████░░░░░░░░░░░░░░░░░░░  27%  Streaming frame 8/204
[2K  ██████░░░░░░░░░░░░░░░░░░░  27%  Streaming frame 9/204
[2K  ███████░░░░░░░░░░░░░░░░░░  28%  Streaming frame 10/204
[2K  ███████░░░░░░░░░░░░░░░░░░  28%  Streaming frame 11/204
[2K  ███████░░░░░░░░░░░░░░░░░░  28%  Streaming frame 12/204
[2K  ███████░░░░░░░░░░░░░░░░░░  29%  Streaming frame 13/204
[2K  ███████░░░░░░░░░░░░░░░░░░  29%  Streaming frame 14/204
[2K  ███████░░░░░░░░░░░░░░░░░░  29%  Streaming frame 15/204
[2K  ███████░░░░░░░░░░░░░░░░░░  29%  Streaming frame 16/204
[2K  ███████░░░░░░░░░░░░░░░░░░  30%  Streaming frame 17/204
[2K  ███████░░░░░░░░░░░░░░░░░░  30%  Streaming frame 18/204
[2K  ███████░░░░░░░░░░░░░░░░░░  30%  Streaming frame 19/204
[2K  ███████░░░░░░░░░░░░░░░░░░  30%  Streaming frame 20/204
[2K  ███████░░░░░░░░░░░░░░░░░░  31%  Streaming frame 21/204
[2K  ███████░░░░░░░░░░░░░░░░░░  31%  Streaming frame 22/204
[2K  ███████░░░░░░░░░░░░░░░░░░  31%  Streaming frame 23/204
[2K  ███████░░░░░░░░░░░░░░░░░░  31%  Streaming frame 24/204
[2K  ████████░░░░░░░░░░░░░░░░░  32%  Streaming frame 25/204
[2K  ████████░░░░░░░░░░░░░░░░░  32%  Streaming frame 26/204
[2K  ████████░░░░░░░░░░░░░░░░░  32%  Streaming frame 27/204
[2K  ████████░░░░░░░░░░░░░░░░░  33%  Streaming frame 28/204
[2K  ████████░░░░░░░░░░░░░░░░░  33%  Streaming frame 29/204
[2K  ████████░░░░░░░░░░░░░░░░░  33%  Streaming frame 30/204
[2K  ████████░░░░░░░░░░░░░░░░░  33%  Streaming frame 31/204
[2K  ████████░░░░░░░░░░░░░░░░░  34%  Streaming frame 32/204
[2K  ████████░░░░░░░░░░░░░░░░░  34%  Streaming frame 33/204
[2K  ████████░░░░░░░░░░░░░░░░░  34%  Streaming frame 34/204
[2K  ████████░░░░░░░░░░░░░░░░░  34%  Streaming frame 35/204
[2K  ████████░░░░░░░░░░░░░░░░░  35%  Streaming frame 36/204
[2K  ████████░░░░░░░░░░░░░░░░░  35%  Streaming frame 37/204
[2K  ████████░░░░░░░░░░░░░░░░░  35%  Streaming frame 38/204
[2K  █████████░░░░░░░░░░░░░░░░  36%  Streaming frame 39/204
[2K  █████████░░░░░░░░░░░░░░░░  36%  Streaming frame 40/204
[2K  █████████░░░░░░░░░░░░░░░░  36%  Streaming frame 41/204
[2K  █████████░░░░░░░░░░░░░░░░  36%  Streaming frame 42/204
[2K  █████████░░░░░░░░░░░░░░░░  37%  Streaming frame 43/204
[2K  █████████░░░░░░░░░░░░░░░░  37%  Streaming frame 44/204
[2K  █████████░░░░░░░░░░░░░░░░  37%  Streaming frame 45/204
[2K  █████████░░░░░░░░░░░░░░░░  37%  Streaming frame 46/204
[2K  █████████░░░░░░░░░░░░░░░░  38%  Streaming frame 47/204
[2K  █████████░░░░░░░░░░░░░░░░  38%  Streaming frame 48/204
[2K  █████████░░░░░░░░░░░░░░░░  38%  Streaming frame 49/204
[2K  █████████░░░░░░░░░░░░░░░░  38%  Streaming frame 50/204
[2K  █████████░░░░░░░░░░░░░░░░  39%  Streaming frame 51/204
[2K  █████████░░░░░░░░░░░░░░░░  39%  Streaming frame 52/204
[2K  █████████░░░░░░░░░░░░░░░░  39%  Streaming frame 53/204
[2K  ██████████░░░░░░░░░░░░░░░  40%  Streaming frame 54/204
[2K  ██████████░░░░░░░░░░░░░░░  40%  Streaming frame 55/204
[2K  ██████████░░░░░░░░░░░░░░░  40%  Streaming frame 56/204
[2K  ██████████░░░░░░░░░░░░░░░  40%  Streaming frame 57/204
[2K  ██████████░░░░░░░░░░░░░░░  41%  Streaming frame 58/204
[2K  ██████████░░░░░░░░░░░░░░░  41%  Streaming frame 59/204
[2K  ██████████░░░░░░░░░░░░░░░  41%  Streaming frame 60/204
[2K  ██████████░░░░░░░░░░░░░░░  41%  Streaming frame 61/204
[2K  ██████████░░░░░░░░░░░░░░░  42%  Streaming frame 62/204
[2K  ██████████░░░░░░░░░░░░░░░  42%  Streaming frame 63/204
[2K  ██████████░░░░░░░░░░░░░░░  42%  Streaming frame 64/204
[2K  ██████████░░░░░░░░░░░░░░░  43%  Streaming frame 65/204
[2K  ██████████░░░░░░░░░░░░░░░  43%  Streaming frame 66/204
[2K  ██████████░░░░░░░░░░░░░░░  43%  Streaming frame 67/204
[2K  ██████████░░░░░░░░░░░░░░░  43%  Streaming frame 68/204
[2K  ███████████░░░░░░░░░░░░░░  44%  Streaming frame 69/204
[2K  ███████████░░░░░░░░░░░░░░  44%  Streaming frame 70/204
[2K  ███████████░░░░░░░░░░░░░░  44%  Streaming frame 71/204
[2K  ███████████░░░░░░░░░░░░░░  44%  Streaming frame 72/204
[2K  ███████████░░░░░░░░░░░░░░  45%  Streaming frame 73/204
[2K  ███████████░░░░░░░░░░░░░░  45%  Streaming frame 74/204
[2K  ███████████░░░░░░░░░░░░░░  45%  Streaming frame 75/204
[2K  ███████████░░░░░░░░░░░░░░  45%  Streaming frame 76/204
[2K  ███████████░░░░░░░░░░░░░░  46%  Streaming frame 77/204
[2K  ███████████░░░░░░░░░░░░░░  46%  Streaming frame 78/204
[2K  ███████████░░░░░░░░░░░░░░  46%  Streaming frame 79/204
[2K  ███████████░░░░░░░░░░░░░░  47%  Streaming frame 80/204
[2K  ███████████░░░░░░░░░░░░░░  47%  Streaming frame 81/204
[2K  ███████████░░░░░░░░░░░░░░  47%  Streaming frame 82/204
[2K  ███████████░░░░░░░░░░░░░░  47%  Streaming frame 83/204
[2K  ████████████░░░░░░░░░░░░░  48%  Streaming frame 84/204
[2K  ████████████░░░░░░░░░░░░░  48%  Streaming frame 85/204
[2K  ████████████░░░░░░░░░░░░░  48%  Streaming frame 86/204
[2K  ████████████░░░░░░░░░░░░░  48%  Streaming frame 87/204
[2K  ████████████░░░░░░░░░░░░░  49%  Streaming frame 88/204
[2K  ████████████░░░░░░░░░░░░░  49%  Streaming frame 89/204
[2K  ████████████░░░░░░░░░░░░░  49%  Streaming frame 90/204
[2K  ████████████░░░░░░░░░░░░░  50%  Streaming frame 91/204
[2K  ████████████░░░░░░░░░░░░░  50%  Streaming frame 92/204
[2K  ████████████░░░░░░░░░░░░░  50%  Streaming frame 93/204
[2K  ████████████░░░░░░░░░░░░░  50%  Streaming frame 94/204
[2K  ████████████░░░░░░░░░░░░░  51%  Streaming frame 95/204
[2K  ████████████░░░░░░░░░░░░░  51%  Streaming frame 96/204
[2K  ████████████░░░░░░░░░░░░░  51%  Streaming frame 97/204
[2K  ████████████░░░░░░░░░░░░░  51%  Streaming frame 98/204
[2K  █████████████░░░░░░░░░░░░  52%  Streaming frame 99/204
[2K  █████████████░░░░░░░░░░░░  52%  Streaming frame 100/204
[2K  █████████████░░░░░░░░░░░░  52%  Streaming frame 101/204
[2K  █████████████░░░░░░░░░░░░  53%  Streaming frame 102/204
[2K  █████████████░░░░░░░░░░░░  53%  Streaming frame 103/204
[2K  █████████████░░░░░░░░░░░░  53%  Streaming frame 104/204
[2K  █████████████░░░░░░░░░░░░  53%  Streaming frame 105/204
[2K  █████████████░░░░░░░░░░░░  54%  Streaming frame 106/204
[2K  █████████████░░░░░░░░░░░░  54%  Streaming frame 107/204
[2K  █████████████░░░░░░░░░░░░  54%  Streaming frame 108/204
[2K  █████████████░░░░░░░░░░░░  54%  Streaming frame 109/204
[2K  █████████████░░░░░░░░░░░░  55%  Streaming frame 110/204
[2K  █████████████░░░░░░░░░░░░  55%  Streaming frame 111/204
[2K  █████████████░░░░░░░░░░░░  55%  Streaming frame 112/204
[2K  █████████████░░░░░░░░░░░░  55%  Streaming frame 113/204
[2K  ██████████████░░░░░░░░░░░  56%  Streaming frame 114/204
[2K  ██████████████░░░░░░░░░░░  56%  Streaming frame 115/204
[2K  ██████████████░░░░░░░░░░░  56%  Streaming frame 116/204
[2K  ██████████████░░░░░░░░░░░  57%  Streaming frame 117/204
[2K  ██████████████░░░░░░░░░░░  57%  Streaming frame 118/204
[2K  ██████████████░░░░░░░░░░░  57%  Streaming frame 119/204
[2K  ██████████████░░░░░░░░░░░  57%  Streaming frame 120/204
[2K  ██████████████░░░░░░░░░░░  58%  Streaming frame 121/204
[2K  ██████████████░░░░░░░░░░░  58%  Streaming frame 122/204
[2K  ██████████████░░░░░░░░░░░  58%  Streaming frame 123/204
[2K  ██████████████░░░░░░░░░░░  58%  Streaming frame 124/204
[2K  ██████████████░░░░░░░░░░░  59%  Streaming frame 125/204
[2K  ██████████████░░░░░░░░░░░  59%  Streaming frame 126/204
[2K  ██████████████░░░░░░░░░░░  59%  Streaming frame 127/204
[2K  ███████████████░░░░░░░░░░  60%  Streaming frame 128/204
[2K  ███████████████░░░░░░░░░░  60%  Streaming frame 129/204
[2K  ███████████████░░░░░░░░░░  60%  Streaming frame 130/204
[2K  ███████████████░░░░░░░░░░  60%  Streaming frame 131/204
[2K  ███████████████░░░░░░░░░░  61%  Streaming frame 132/204
[2K  ███████████████░░░░░░░░░░  61%  Streaming frame 133/204
[2K  ███████████████░░░░░░░░░░  61%  Streaming frame 134/204
[2K  ███████████████░░░░░░░░░░  61%  Streaming frame 135/204
[2K  ███████████████░░░░░░░░░░  62%  Streaming frame 136/204
[2K  ███████████████░░░░░░░░░░  62%  Streaming frame 137/204
[2K  ███████████████░░░░░░░░░░  62%  Streaming frame 138/204
[2K  ███████████████░░░░░░░░░░  62%  Streaming frame 139/204
[2K  ███████████████░░░░░░░░░░  63%  Streaming frame 140/204
[2K  ███████████████░░░░░░░░░░  63%  Streaming frame 141/204
[2K  ███████████████░░░░░░░░░░  63%  Streaming frame 142/204
[2K  ████████████████░░░░░░░░░  64%  Streaming frame 143/204
[2K  ████████████████░░░░░░░░░  64%  Streaming frame 144/204
[2K  ████████████████░░░░░░░░░  64%  Streaming frame 145/204
[2K  ████████████████░░░░░░░░░  64%  Streaming frame 146/204
[2K  ████████████████░░░░░░░░░  65%  Streaming frame 147/204
[2K  ████████████████░░░░░░░░░  65%  Streaming frame 148/204
[2K  ████████████████░░░░░░░░░  65%  Streaming frame 149/204
[2K  ████████████████░░░░░░░░░  65%  Streaming frame 150/204
[2K  ████████████████░░░░░░░░░  66%  Streaming frame 151/204
[2K  ████████████████░░░░░░░░░  66%  Streaming frame 152/204
[2K  ████████████████░░░░░░░░░  66%  Streaming frame 153/204
[2K  ████████████████░░░░░░░░░  67%  Streaming frame 154/204
[2K  ████████████████░░░░░░░░░  67%  Streaming frame 155/204
[2K  ████████████████░░░░░░░░░  67%  Streaming frame 156/204
[2K  ████████████████░░░░░░░░░  67%  Streaming frame 157/204
[2K  █████████████████░░░░░░░░  68%  Streaming frame 158/204
[2K  █████████████████░░░░░░░░  68%  Streaming frame 159/204
[2K  █████████████████░░░░░░░░  68%  Streaming frame 160/204
[2K  █████████████████░░░░░░░░  68%  Streaming frame 161/204
[2K  █████████████████░░░░░░░░  69%  Streaming frame 162/204
[2K  █████████████████░░░░░░░░  69%  Streaming frame 163/204
[2K  █████████████████░░░░░░░░  69%  Streaming frame 164/204
[2K  █████████████████░░░░░░░░  69%  Streaming frame 165/204
[2K  █████████████████░░░░░░░░  70%  Streaming frame 166/204
[2K  █████████████████░░░░░░░░  70%  Streaming frame 167/204
[2K  █████████████████░░░░░░░░  70%  Streaming frame 168/204
[2K  █████████████████░░░░░░░░  71%  Streaming frame 169/204
[2K  █████████████████░░░░░░░░  71%  Streaming frame 170/204
[2K  █████████████████░░░░░░░░  71%  Streaming frame 171/204
[2K  █████████████████░░░░░░░░  71%  Streaming frame 172/204
[2K  ██████████████████░░░░░░░  72%  Streaming frame 173/204
[2K  ██████████████████░░░░░░░  72%  Streaming frame 174/204
[2K  ██████████████████░░░░░░░  72%  Streaming frame 175/204
[2K  ██████████████████░░░░░░░  72%  Streaming frame 176/204
[2K  ██████████████████░░░░░░░  73%  Streaming frame 177/204
[2K  ██████████████████░░░░░░░  73%  Streaming frame 178/204
[2K  ██████████████████░░░░░░░  73%  Streaming frame 179/204
[2K  ██████████████████░░░░░░░  74%  Streaming frame 180/204
[2K  ██████████████████░░░░░░░  74%  Streaming frame 181/204
[2K  ██████████████████░░░░░░░  74%  Streaming frame 182/204
[2K  ██████████████████░░░░░░░  74%  Streaming frame 183/204
[2K  ██████████████████░░░░░░░  75%  Streaming frame 184/204
[2K  ██████████████████░░░░░░░  75%  Streaming frame 185/204
[2K  ██████████████████░░░░░░░  75%  Streaming frame 186/204
[2K  ██████████████████░░░░░░░  75%  Streaming frame 187/204
[2K  ███████████████████░░░░░░  76%  Streaming frame 188/204
[2K  ███████████████████░░░░░░  76%  Streaming frame 189/204
[2K  ███████████████████░░░░░░  76%  Streaming frame 190/204
[2K  ███████████████████░░░░░░  76%  Streaming frame 191/204
[2K  ███████████████████░░░░░░  77%  Streaming frame 192/204
[2K  ███████████████████░░░░░░  77%  Streaming frame 193/204
[2K  ███████████████████░░░░░░  77%  Streaming frame 194/204
[2K  ███████████████████░░░░░░  78%  Streaming frame 195/204
[2K  ███████████████████░░░░░░  78%  Streaming frame 196/204
[2K  ███████████████████░░░░░░  78%  Streaming frame 197/204
[2K  ███████████████████░░░░░░  78%  Streaming frame 198/204
[2K  ███████████████████░░░░░░  79%  Streaming frame 199/204
[2K  ███████████████████░░░░░░  79%  Streaming frame 200/204
[2K  ███████████████████░░░░░░  79%  Streaming frame 201/204
[2K  ███████████████████░░░░░░  79%  Streaming frame 202/204
[2K  ████████████████████░░░░░  80%  Streaming frame 203/204
[2K  ████████████████████░░░░░  80%  Streaming frame 204/204
[2K  ██████████████████████░░░  90%  Assembling final video
[2K  █████████████████████████  100%  Render complete
◇  /Users/fan/Documents/视频工厂/dist/third_episode_real_review_scene_candidate/hyperframes_cards/closing_summary_card_20.mp4
   740.6 KB · 14.0s · completed


STDERR:
[hyperframes] browserGpuMode auto → hardware (WebGL probe succeeded)
