$ /opt/homebrew/bin/ffmpeg -hide_banner -i /Users/fan/Documents/视频工厂/dist/new_fourth_episode_reference_guided_publish_candidate_20260602_034523/full.mp4 -af volumedetect -f null -

STDOUT:

STDERR:
Input #0, mov,mp4,m4a,3gp,3g2,mj2, from '/Users/fan/Documents/视频工厂/dist/new_fourth_episode_reference_guided_publish_candidate_20260602_034523/full.mp4':
  Metadata:
    major_brand     : isom
    minor_version   : 512
    compatible_brands: isomiso2avc1mp41
    encoder         : Lavf62.12.100
  Duration: 00:10:36.25, start: 0.000000, bitrate: 3557 kb/s
  Stream #0:0[0x1](und): Video: h264 (High) (avc1 / 0x31637661), yuv420p(progressive), 1920x1080, 3365 kb/s, 30 fps, 30 tbr, 15360 tbn (default)
    Metadata:
      handler_name    : VideoHandler
      encoder         : Lavc62.28.100 libx264
  Stream #0:1[0x2](und): Audio: aac (LC) (mp4a / 0x6134706D), 48000 Hz, mono, fltp, 183 kb/s (default)
    Metadata:
      handler_name    : SoundHandler
  Stream #0:2[0x3](chi): Subtitle: mov_text (tx3g / 0x67337874), 0 kb/s (default)
    Metadata:
      handler_name    : SubtitleHandler
[Parsed_volumedetect_0 @ 0x7f1051680] n_samples: 0
Stream mapping:
  Stream #0:0 -> #0:0 (h264 (native) -> wrapped_avframe (native))
  Stream #0:1 -> #0:1 (aac (native) -> pcm_s16le (native))
Press [q] to stop, [?] for help
Output #0, null, to 'pipe:':
  Metadata:
    major_brand     : isom
    minor_version   : 512
    compatible_brands: isomiso2avc1mp41
    encoder         : Lavf62.12.100
  Stream #0:0(und): Video: wrapped_avframe, yuv420p(progressive), 1920x1080, q=2-31, 200 kb/s, 30 fps, 30 tbn (default)
    Metadata:
      encoder         : Lavc62.28.100 wrapped_avframe
      handler_name    : VideoHandler
  Stream #0:1(und): Audio: pcm_s16le, 48000 Hz, mono, s16, 768 kb/s (default)
    Metadata:
      encoder         : Lavc62.28.100 pcm_s16le
      handler_name    : SoundHandler
frame=  914 fps=0.0 q=-0.0 size=N/A time=00:00:30.46 bitrate=N/A speed=60.5x elapsed=0:00:00.50
frame= 1553 fps=1543 q=-0.0 size=N/A time=00:00:51.76 bitrate=N/A speed=51.4x elapsed=0:00:01.00
frame= 2145 fps=1419 q=-0.0 size=N/A time=00:01:11.53 bitrate=N/A speed=47.3x elapsed=0:00:01.51
frame= 2897 fps=1436 q=-0.0 size=N/A time=00:01:36.56 bitrate=N/A speed=47.9x elapsed=0:00:02.01
frame= 3649 fps=1447 q=-0.0 size=N/A time=00:02:01.63 bitrate=N/A speed=48.2x elapsed=0:00:02.52
frame= 4434 fps=1466 q=-0.0 size=N/A time=00:02:27.80 bitrate=N/A speed=48.9x elapsed=0:00:03.02
frame= 5124 fps=1452 q=-0.0 size=N/A time=00:02:50.80 bitrate=N/A speed=48.4x elapsed=0:00:03.52
frame= 5702 fps=1414 q=-0.0 size=N/A time=00:03:10.06 bitrate=N/A speed=47.1x elapsed=0:00:04.03
frame= 6133 fps=1352 q=-0.0 size=N/A time=00:03:24.43 bitrate=N/A speed=45.1x elapsed=0:00:04.53
frame= 6916 fps=1372 q=-0.0 size=N/A time=00:03:50.53 bitrate=N/A speed=45.7x elapsed=0:00:05.03
frame= 7417 fps=1338 q=-0.0 size=N/A time=00:04:07.23 bitrate=N/A speed=44.6x elapsed=0:00:05.54
frame= 8342 fps=1379 q=-0.0 size=N/A time=00:04:38.06 bitrate=N/A speed=  46x elapsed=0:00:06.04
frame= 9098 fps=1388 q=-0.0 size=N/A time=00:05:03.26 bitrate=N/A speed=46.3x elapsed=0:00:06.55
frame= 9815 fps=1391 q=-0.0 size=N/A time=00:05:27.16 bitrate=N/A speed=46.4x elapsed=0:00:07.05
frame=10530 fps=1392 q=-0.0 size=N/A time=00:05:51.00 bitrate=N/A speed=46.4x elapsed=0:00:07.56
frame=11394 fps=1412 q=-0.0 size=N/A time=00:06:19.80 bitrate=N/A speed=47.1x elapsed=0:00:08.06
frame=11976 fps=1397 q=-0.0 size=N/A time=00:06:39.20 bitrate=N/A speed=46.6x elapsed=0:00:08.57
frame=12878 fps=1419 q=-0.0 size=N/A time=00:07:09.26 bitrate=N/A speed=47.3x elapsed=0:00:09.07
frame=13372 fps=1397 q=-0.0 size=N/A time=00:07:25.73 bitrate=N/A speed=46.6x elapsed=0:00:09.57
frame=14072 fps=1396 q=-0.0 size=N/A time=00:07:49.06 bitrate=N/A speed=46.5x elapsed=0:00:10.07
frame=14760 fps=1395 q=-0.0 size=N/A time=00:08:12.00 bitrate=N/A speed=46.5x elapsed=0:00:10.57
frame=15681 fps=1415 q=-0.0 size=N/A time=00:08:42.70 bitrate=N/A speed=47.2x elapsed=0:00:11.08
frame=16423 fps=1417 q=-0.0 size=N/A time=00:09:07.43 bitrate=N/A speed=47.2x elapsed=0:00:11.58
frame=17286 fps=1430 q=-0.0 size=N/A time=00:09:36.20 bitrate=N/A speed=47.7x elapsed=0:00:12.09
frame=18174 fps=1443 q=-0.0 size=N/A time=00:10:05.80 bitrate=N/A speed=48.1x elapsed=0:00:12.59
frame=18912 fps=1444 q=-0.0 size=N/A time=00:10:30.40 bitrate=N/A speed=48.1x elapsed=0:00:13.09
[Parsed_volumedetect_0 @ 0x7f1051e00] n_samples: 30540800
[Parsed_volumedetect_0 @ 0x7f1051e00] mean_volume: -16.0 dB
[Parsed_volumedetect_0 @ 0x7f1051e00] max_volume: -0.9 dB
[Parsed_volumedetect_0 @ 0x7f1051e00] histogram_0db: 15
[Parsed_volumedetect_0 @ 0x7f1051e00] histogram_1db: 35871
[out#0/null @ 0x7f10509c0] video:7903KiB audio:59650KiB subtitle:0KiB other streams:0KiB global headers:0KiB muxing overhead: unknown
frame=19086 fps=1451 q=-0.0 Lsize=N/A time=00:10:36.20 bitrate=N/A speed=48.4x elapsed=0:00:13.15
