$ /opt/homebrew/bin/ffmpeg -hide_banner -y -i /Users/fan/Documents/视频工厂/dist/new_fourth_episode_selection_publish_candidate_voice_locked_20260528_031322/full.mp4 -loop 1 -i /Users/fan/Documents/视频工厂/dist/new_fourth_episode_reference_guided_publish_candidate_20260602_034523/reference_guided_overlay.png -filter_complex [0:v][1:v]overlay=0:0:format=auto:shortest=1,format=yuv420p[v] -map [v] -map 0:a? -map 0:s? -c:v libx264 -preset veryfast -crf 18 -c:a copy -c:s copy -movflags +faststart /Users/fan/Documents/视频工厂/dist/new_fourth_episode_reference_guided_publish_candidate_20260602_034523/full.mp4

STDOUT:

STDERR:
Input #0, mov,mp4,m4a,3gp,3g2,mj2, from '/Users/fan/Documents/视频工厂/dist/new_fourth_episode_selection_publish_candidate_voice_locked_20260528_031322/full.mp4':
  Metadata:
    major_brand     : isom
    minor_version   : 512
    compatible_brands: isomiso2avc1mp41
    encoder         : Lavf62.12.100
  Duration: 00:10:36.25, start: 0.000000, bitrate: 2726 kb/s
  Stream #0:0[0x1](und): Video: h264 (High) (avc1 / 0x31637661), yuv420p(progressive), 1920x1080, 2534 kb/s, 30 fps, 30 tbr, 15360 tbn (default)
    Metadata:
      handler_name    : VideoHandler
      encoder         : Lavc62.28.100 libx264
  Stream #0:1[0x2](und): Audio: aac (LC) (mp4a / 0x6134706D), 48000 Hz, mono, fltp, 183 kb/s (default)
    Metadata:
      handler_name    : SoundHandler
  Stream #0:2[0x3](chi): Subtitle: mov_text (tx3g / 0x67337874), 0 kb/s (default)
    Metadata:
      handler_name    : SubtitleHandler
Input #1, png_pipe, from '/Users/fan/Documents/视频工厂/dist/new_fourth_episode_reference_guided_publish_candidate_20260602_034523/reference_guided_overlay.png':
  Duration: N/A, bitrate: N/A
  Stream #1:0: Video: png, rgba(pc, gbr/unknown/unknown), 1920x1080, 25 fps, 25 tbr, 25 tbn
Stream mapping:
  Stream #0:0 (h264) -> overlay
  Stream #1:0 (png) -> overlay
  format:default -> Stream #0:0 (libx264)
  Stream #0:1 -> #0:1 (copy)
  Stream #0:2 -> #0:2 (copy)
Press [q] to stop, [?] for help
[libx264 @ 0xa2b031f80] using cpu capabilities: ARMv8 NEON DotProd I8MM
[libx264 @ 0xa2b031f80] profile High, level 4.0, 4:2:0, 8-bit
[libx264 @ 0xa2b031f80] 264 - core 165 r3222 b35605a - H.264/MPEG-4 AVC codec - Copyleft 2003-2025 - http://www.videolan.org/x264.html - options: cabac=1 ref=1 deblock=1:0:0 analyse=0x3:0x113 me=hex subme=2 psy=1 psy_rd=1.00:0.00 mixed_ref=0 me_range=16 chroma_me=1 trellis=0 8x8dct=1 cqm=0 deadzone=21,11 fast_pskip=1 chroma_qp_offset=0 threads=12 lookahead_threads=4 sliced_threads=0 nr=0 decimate=1 interlaced=0 bluray_compat=0 constrained_intra=0 bframes=3 b_pyramid=2 b_adapt=1 b_bias=0 direct=1 weightb=1 open_gop=0 weightp=1 keyint=250 keyint_min=25 scenecut=40 intra_refresh=0 rc_lookahead=10 rc=crf mbtree=1 crf=18.0 qcomp=0.60 qpmin=0 qpmax=69 qpstep=4 ip_ratio=1.40 aq=1:1.00
Output #0, mp4, to '/Users/fan/Documents/视频工厂/dist/new_fourth_episode_reference_guided_publish_candidate_20260602_034523/full.mp4':
  Metadata:
    major_brand     : isom
    minor_version   : 512
    compatible_brands: isomiso2avc1mp41
    encoder         : Lavf62.12.100
  Stream #0:0: Video: h264 (avc1 / 0x31637661), yuv420p(tv, progressive), 1920x1080, q=2-31, 30 fps, 15360 tbn
    Metadata:
      encoder         : Lavc62.28.100 libx264
    Side data:
      CPB properties: bitrate max/min/avg: 0/0/0 buffer size: 0 vbv_delay: N/A
  Stream #0:1(und): Audio: aac (LC) (mp4a / 0x6134706D), 48000 Hz, mono, fltp, 183 kb/s (default)
    Metadata:
      handler_name    : SoundHandler
  Stream #0:2(chi): Subtitle: mov_text (tx3g / 0x67337874), 0 kb/s (default)
    Metadata:
      handler_name    : SubtitleHandler
frame=   58 fps=0.0 q=24.0 size=       0KiB time=00:00:01.86 bitrate=   0.2kbits/s speed=3.71x elapsed=0:00:00.50
frame=  140 fps=139 q=24.0 size=       0KiB time=00:00:04.63 bitrate=   0.1kbits/s speed=4.59x elapsed=0:00:01.00
[fc#0 @ 0xa2b020000] Reconfiguring filter graph because video parameters changed to yuv420p(tv, bt709), 1920x1080, unspecified alph
frame=  254 fps=168 q=24.0 size=     768KiB time=00:00:08.40 bitrate= 749.0kbits/s speed=5.54x elapsed=0:00:01.51
frame=  390 fps=193 q=24.0 size=    1024KiB time=00:00:12.93 bitrate= 648.6kbits/s speed= 6.4x elapsed=0:00:02.02
frame=  463 fps=184 q=24.0 size=    1792KiB time=00:00:15.36 bitrate= 955.3kbits/s speed=6.09x elapsed=0:00:02.52
frame=  541 fps=179 q=24.0 size=    5888KiB time=00:00:17.96 bitrate=2684.7kbits/s speed=5.93x elapsed=0:00:03.02
frame=  659 fps=187 q=24.0 size=    6912KiB time=00:00:21.90 bitrate=2585.5kbits/s speed= 6.2x elapsed=0:00:03.53
frame=  789 fps=195 q=24.0 size=    7168KiB time=00:00:26.23 bitrate=2238.4kbits/s speed= 6.5x elapsed=0:00:04.03
frame=  900 fps=198 q=24.0 size=    7936KiB time=00:00:29.93 bitrate=2171.9kbits/s speed=6.59x elapsed=0:00:04.54
frame=  983 fps=195 q=24.0 size=    8192KiB time=00:00:32.70 bitrate=2052.3kbits/s speed=6.48x elapsed=0:00:05.04
frame= 1082 fps=195 q=24.0 size=    8960KiB time=00:00:36.00 bitrate=2038.9kbits/s speed=6.49x elapsed=0:00:05.54
frame= 1220 fps=202 q=24.0 size=    8960KiB time=00:00:40.60 bitrate=1807.9kbits/s speed=6.71x elapsed=0:00:06.05
frame= 1312 fps=200 q=24.0 size=   11520KiB time=00:00:43.66 bitrate=2161.2kbits/s speed=6.66x elapsed=0:00:06.55
frame= 1430 fps=202 q=24.0 size=   13312KiB time=00:00:47.60 bitrate=2291.0kbits/s speed=6.74x elapsed=0:00:07.06
frame= 1489 fps=197 q=24.0 size=   15360KiB time=00:00:49.56 bitrate=2538.6kbits/s speed=6.55x elapsed=0:00:07.56
frame= 1544 fps=191 q=24.0 size=   18688KiB time=00:00:51.40 bitrate=2978.5kbits/s speed=6.37x elapsed=0:00:08.06
frame= 1628 fps=190 q=24.0 size=   22272KiB time=00:00:54.20 bitrate=3366.3kbits/s speed=6.32x elapsed=0:00:08.57
frame= 1724 fps=190 q=24.0 size=   24576KiB time=00:00:57.40 bitrate=3507.4kbits/s speed=6.32x elapsed=0:00:09.07
frame= 1816 fps=190 q=24.0 size=   26112KiB time=00:01:00.46 bitrate=3537.6kbits/s speed=6.31x elapsed=0:00:09.57
frame= 1899 fps=188 q=24.0 size=   26112KiB time=00:01:03.23 bitrate=3382.9kbits/s speed=6.27x elapsed=0:00:10.08
frame= 1989 fps=188 q=24.0 size=   30208KiB time=00:01:06.23 bitrate=3736.3kbits/s speed=6.26x elapsed=0:00:10.58
frame= 2084 fps=188 q=24.0 size=   30976KiB time=00:01:09.40 bitrate=3656.4kbits/s speed=6.26x elapsed=0:00:11.08
frame= 2187 fps=189 q=24.0 size=   35072KiB time=00:01:12.83 bitrate=3944.8kbits/s speed=6.28x elapsed=0:00:11.58
frame= 2323 fps=192 q=24.0 size=   35840KiB time=00:01:17.36 bitrate=3794.9kbits/s speed= 6.4x elapsed=0:00:12.09
frame= 2411 fps=191 q=24.0 size=   35840KiB time=00:01:20.30 bitrate=3656.3kbits/s speed=6.37x elapsed=0:00:12.59
frame= 2494 fps=190 q=24.0 size=   36864KiB time=00:01:23.06 bitrate=3635.5kbits/s speed=6.34x elapsed=0:00:13.10
frame= 2602 fps=191 q=24.0 size=   37632KiB time=00:01:26.66 bitrate=3557.1kbits/s speed=6.37x elapsed=0:00:13.60
frame= 2699 fps=191 q=24.0 size=   37888KiB time=00:01:29.90 bitrate=3452.5kbits/s speed=6.37x elapsed=0:00:14.11
frame= 2760 fps=189 q=24.0 size=   40192KiB time=00:01:31.93 bitrate=3581.4kbits/s speed=6.29x elapsed=0:00:14.61
frame= 2822 fps=187 q=24.0 size=   41216KiB time=00:01:34.00 bitrate=3591.9kbits/s speed=6.22x elapsed=0:00:15.11
frame= 2881 fps=184 q=24.0 size=   45312KiB time=00:01:35.96 bitrate=3868.0kbits/s speed=6.14x elapsed=0:00:15.62
frame= 2970 fps=184 q=24.0 size=   46336KiB time=00:01:38.93 bitrate=3836.8kbits/s speed=6.13x elapsed=0:00:16.12
frame= 3025 fps=182 q=24.0 size=   46336KiB time=00:01:40.76 bitrate=3767.0kbits/s speed=6.06x elapsed=0:00:16.63
frame= 3095 fps=181 q=24.0 size=   46336KiB time=00:01:43.10 bitrate=3681.7kbits/s speed=6.02x elapsed=0:00:17.13
frame= 3172 fps=180 q=21.0 size=   46336KiB time=00:01:45.66 bitrate=3592.3kbits/s speed=5.99x elapsed=0:00:17.63
frame= 3221 fps=178 q=24.0 size=   52480KiB time=00:01:47.30 bitrate=4006.7kbits/s speed=5.92x elapsed=0:00:18.13
frame= 3313 fps=178 q=24.0 size=   53760KiB time=00:01:50.36 bitrate=3990.4kbits/s speed=5.92x elapsed=0:00:18.64
frame= 3404 fps=178 q=24.0 size=   54016KiB time=00:01:53.40 bitrate=3902.1kbits/s speed=5.92x elapsed=0:00:19.14
frame= 3498 fps=178 q=24.0 size=   54784KiB time=00:01:56.53 bitrate=3851.2kbits/s speed=5.93x elapsed=0:00:19.64
frame= 3586 fps=178 q=24.0 size=   55040KiB time=00:01:59.46 bitrate=3774.2kbits/s speed=5.93x elapsed=0:00:20.15
frame= 3633 fps=176 q=24.0 size=   55040KiB time=00:02:01.03 bitrate=3725.3kbits/s speed=5.86x elapsed=0:00:20.66
frame= 3694 fps=175 q=24.0 size=   56832KiB time=00:02:03.06 bitrate=3783.1kbits/s speed=5.81x elapsed=0:00:21.16
frame= 3797 fps=175 q=24.0 size=   57856KiB time=00:02:06.50 bitrate=3746.7kbits/s speed=5.84x elapsed=0:00:21.66
frame= 3915 fps=177 q=24.0 size=   58112KiB time=00:02:10.43 bitrate=3649.8kbits/s speed=5.88x elapsed=0:00:22.17
frame= 4021 fps=177 q=24.0 size=   58880KiB time=00:02:14.00 bitrate=3599.6kbits/s speed=5.91x elapsed=0:00:22.67
frame= 4146 fps=179 q=24.0 size=   59136KiB time=00:02:18.13 bitrate=3507.1kbits/s speed=5.96x elapsed=0:00:23.17
frame= 4262 fps=180 q=24.0 size=   59904KiB time=00:02:22.00 bitrate=3455.9kbits/s speed=   6x elapsed=0:00:23.68
frame= 4387 fps=181 q=24.0 size=   60160KiB time=00:02:26.16 bitrate=3371.7kbits/s speed=6.04x elapsed=0:00:24.18
frame= 4489 fps=182 q=24.0 size=   60672KiB time=00:02:29.56 bitrate=3323.1kbits/s speed=6.06x elapsed=0:00:24.68
frame= 4568 fps=181 q=24.0 size=   61184KiB time=00:02:32.20 bitrate=3293.2kbits/s speed=6.04x elapsed=0:00:25.19
frame= 4635 fps=180 q=24.0 size=   62208KiB time=00:02:34.43 bitrate=3299.9kbits/s speed=6.01x elapsed=0:00:25.69
frame= 4730 fps=181 q=24.0 size=   63232KiB time=00:02:37.60 bitrate=3286.8kbits/s speed=6.01x elapsed=0:00:26.20
frame= 4803 fps=180 q=24.0 size=   64512KiB time=00:02:40.03 bitrate=3302.3kbits/s speed=5.99x elapsed=0:00:26.70
frame= 4865 fps=179 q=24.0 size=   64768KiB time=00:02:42.10 bitrate=3273.2kbits/s speed=5.96x elapsed=0:00:27.21
frame= 4952 fps=179 q=24.0 size=   66304KiB time=00:02:45.00 bitrate=3291.9kbits/s speed=5.95x elapsed=0:00:27.71
frame= 5063 fps=179 q=24.0 size=   67328KiB time=00:02:48.70 bitrate=3269.4kbits/s speed=5.98x elapsed=0:00:28.23
frame= 5130 fps=179 q=24.0 size=   71168KiB time=00:02:50.93 bitrate=3410.7kbits/s speed=5.95x elapsed=0:00:28.73
frame= 5237 fps=179 q=24.0 size=   71680KiB time=00:02:54.50 bitrate=3365.1kbits/s speed=5.97x elapsed=0:00:29.23
frame= 5291 fps=178 q=24.0 size=   73216KiB time=00:02:56.30 bitrate=3402.1kbits/s speed=5.93x elapsed=0:00:29.74
frame= 5346 fps=177 q=24.0 size=   73216KiB time=00:02:58.16 bitrate=3366.4kbits/s speed=5.89x elapsed=0:00:30.25
frame= 5449 fps=177 q=24.0 size=   80384KiB time=00:03:01.56 bitrate=3626.8kbits/s speed= 5.9x elapsed=0:00:30.75
frame= 5527 fps=177 q=24.0 size=   81664KiB time=00:03:04.16 bitrate=3632.5kbits/s speed=5.89x elapsed=0:00:31.26
frame= 5621 fps=177 q=24.0 size=   81664KiB time=00:03:07.26 bitrate=3572.4kbits/s speed= 5.9x elapsed=0:00:31.76
frame= 5688 fps=176 q=24.0 size=   83968KiB time=00:03:09.53 bitrate=3629.3kbits/s speed=5.87x elapsed=0:00:32.26
frame= 5756 fps=176 q=24.0 size=   87040KiB time=00:03:11.80 bitrate=3717.6kbits/s speed=5.85x elapsed=0:00:32.77
frame= 5822 fps=175 q=24.0 size=   90112KiB time=00:03:14.00 bitrate=3805.1kbits/s speed=5.83x elapsed=0:00:33.27
frame= 5912 fps=175 q=24.0 size=   92160KiB time=00:03:17.00 bitrate=3832.4kbits/s speed=5.83x elapsed=0:00:33.78
frame= 5991 fps=175 q=24.0 size=   96000KiB time=00:03:19.63 bitrate=3939.4kbits/s speed=5.82x elapsed=0:00:34.28
frame= 6093 fps=175 q=24.0 size=   97280KiB time=00:03:23.03 bitrate=3925.1kbits/s speed=5.84x elapsed=0:00:34.78
frame= 6134 fps=174 q=24.0 size=  100352KiB time=00:03:24.40 bitrate=4021.9kbits/s speed=5.79x elapsed=0:00:35.28
frame= 6189 fps=173 q=24.0 size=  102144KiB time=00:03:26.23 bitrate=4057.4kbits/s speed=5.76x elapsed=0:00:35.79
frame= 6293 fps=173 q=24.0 size=  102144KiB time=00:03:29.70 bitrate=3990.3kbits/s speed=5.78x elapsed=0:00:36.29
frame= 6403 fps=174 q=24.0 size=  102400KiB time=00:03:33.36 bitrate=3931.5kbits/s speed= 5.8x elapsed=0:00:36.80
frame= 6519 fps=175 q=24.0 size=  103424KiB time=00:03:37.26 bitrate=3899.6kbits/s speed=5.82x elapsed=0:00:37.30
frame= 6643 fps=176 q=24.0 size=  103424KiB time=00:03:41.36 bitrate=3827.4kbits/s speed=5.85x elapsed=0:00:37.81
frame= 6725 fps=176 q=24.0 size=  104192KiB time=00:03:44.10 bitrate=3808.8kbits/s speed=5.85x elapsed=0:00:38.31
frame= 6811 fps=175 q=24.0 size=  106240KiB time=00:03:46.96 bitrate=3834.6kbits/s speed=5.85x elapsed=0:00:38.81
frame= 6874 fps=175 q=24.0 size=  107776KiB time=00:03:49.06 bitrate=3854.3kbits/s speed=5.83x elapsed=0:00:39.32
frame= 6956 fps=175 q=24.0 size=  108544KiB time=00:03:51.80 bitrate=3836.0kbits/s speed=5.82x elapsed=0:00:39.82
frame= 7037 fps=174 q=24.0 size=  109312KiB time=00:03:54.50 bitrate=3818.7kbits/s speed=5.82x elapsed=0:00:40.32
frame= 7115 fps=174 q=24.0 size=  111616KiB time=00:03:57.10 bitrate=3856.4kbits/s speed=5.81x elapsed=0:00:40.83
frame= 7174 fps=174 q=24.0 size=  112640KiB time=00:03:59.06 bitrate=3859.8kbits/s speed=5.78x elapsed=0:00:41.33
frame= 7258 fps=173 q=24.0 size=  116736KiB time=00:04:01.86 bitrate=3953.8kbits/s speed=5.78x elapsed=0:00:41.83
frame= 7347 fps=174 q=24.0 size=  117504KiB time=00:04:04.83 bitrate=3931.6kbits/s speed=5.78x elapsed=0:00:42.34
frame= 7403 fps=173 q=24.0 size=  120320KiB time=00:04:06.70 bitrate=3995.4kbits/s speed=5.76x elapsed=0:00:42.84
frame= 7453 fps=172 q=24.0 size=  124672KiB time=00:04:08.36 bitrate=4112.1kbits/s speed=5.73x elapsed=0:00:43.34
frame= 7566 fps=173 q=24.0 size=  126208KiB time=00:04:12.13 bitrate=4100.6kbits/s speed=5.75x elapsed=0:00:43.85
frame= 7694 fps=173 q=24.0 size=  126208KiB time=00:04:16.40 bitrate=4032.4kbits/s speed=5.78x elapsed=0:00:44.35
frame= 7812 fps=174 q=24.0 size=  127232KiB time=00:04:20.33 bitrate=4003.7kbits/s speed= 5.8x elapsed=0:00:44.85
frame= 7936 fps=175 q=24.0 size=  127232KiB time=00:04:24.46 bitrate=3941.1kbits/s speed=5.83x elapsed=0:00:45.36
frame= 8044 fps=175 q=24.0 size=  128256KiB time=00:04:28.06 bitrate=3919.4kbits/s speed=5.84x elapsed=0:00:45.86
frame= 8167 fps=176 q=24.0 size=  128256KiB time=00:04:32.16 bitrate=3860.4kbits/s speed=5.87x elapsed=0:00:46.37
frame= 8248 fps=176 q=24.0 size=  129280KiB time=00:04:34.86 bitrate=3853.0kbits/s speed=5.86x elapsed=0:00:46.87
frame= 8369 fps=177 q=24.0 size=  129536KiB time=00:04:38.93 bitrate=3804.3kbits/s speed=5.89x elapsed=0:00:47.38
frame= 8445 fps=176 q=24.0 size=  129536KiB time=00:04:41.43 bitrate=3770.6kbits/s speed=5.88x elapsed=0:00:47.88
frame= 8527 fps=176 q=24.0 size=  133632KiB time=00:04:44.16 bitrate=3852.4kbits/s speed=5.87x elapsed=0:00:48.38
frame= 8641 fps=177 q=24.0 size=  134400KiB time=00:04:47.96 bitrate=3823.4kbits/s speed=5.89x elapsed=0:00:48.89
frame= 8707 fps=176 q=24.0 size=  134656KiB time=00:04:50.20 bitrate=3801.2kbits/s speed=5.87x elapsed=0:00:49.39
frame= 8807 fps=176 q=24.0 size=  135424KiB time=00:04:53.50 bitrate=3779.9kbits/s speed=5.88x elapsed=0:00:49.90
frame= 8920 fps=177 q=24.0 size=  135424KiB time=00:04:57.26 bitrate=3732.0kbits/s speed= 5.9x elapsed=0:00:50.40
frame= 8951 fps=176 q=24.0 size=  135424KiB time=00:04:58.30 bitrate=3719.1kbits/s speed=5.86x elapsed=0:00:50.90
frame= 9022 fps=175 q=24.0 size=  137472KiB time=00:05:00.66 bitrate=3745.6kbits/s speed=5.85x elapsed=0:00:51.40
frame= 9076 fps=175 q=24.0 size=  137472KiB time=00:05:02.46 bitrate=3723.3kbits/s speed=5.83x elapsed=0:00:51.91
frame= 9141 fps=174 q=24.0 size=  139776KiB time=00:05:04.63 bitrate=3758.8kbits/s speed=5.81x elapsed=0:00:52.41
frame= 9200 fps=174 q=24.0 size=  141312KiB time=00:05:06.60 bitrate=3775.7kbits/s speed=5.79x elapsed=0:00:52.92
frame= 9244 fps=173 q=24.0 size=  141824KiB time=00:05:08.06 bitrate=3771.3kbits/s speed=5.77x elapsed=0:00:53.42
frame= 9312 fps=173 q=24.0 size=  142848KiB time=00:05:10.33 bitrate=3770.8kbits/s speed=5.75x elapsed=0:00:53.93
frame= 9428 fps=173 q=24.0 size=  143616KiB time=00:05:14.20 bitrate=3744.4kbits/s speed=5.77x elapsed=0:00:54.43
frame= 9522 fps=173 q=24.0 size=  143872KiB time=00:05:17.33 bitrate=3714.1kbits/s speed=5.78x elapsed=0:00:54.93
frame= 9629 fps=174 q=24.0 size=  144640KiB time=00:05:20.90 bitrate=3692.4kbits/s speed=5.79x elapsed=0:00:55.43
frame= 9716 fps=174 q=24.0 size=  145920KiB time=00:05:23.80 bitrate=3691.7kbits/s speed=5.79x elapsed=0:00:55.94
frame= 9790 fps=173 q=24.0 size=  146944KiB time=00:05:26.26 bitrate=3689.5kbits/s speed=5.78x elapsed=0:00:56.44
frame= 9869 fps=173 q=24.0 size=  146944KiB time=00:05:28.90 bitrate=3660.0kbits/s speed=5.78x elapsed=0:00:56.94
frame= 9946 fps=173 q=24.0 size=  151040KiB time=00:05:31.46 bitrate=3732.9kbits/s speed=5.77x elapsed=0:00:57.45
frame=10020 fps=173 q=24.0 size=  153088KiB time=00:05:33.93 bitrate=3755.5kbits/s speed=5.76x elapsed=0:00:57.95
frame=10073 fps=172 q=24.0 size=  156160KiB time=00:05:35.70 bitrate=3810.7kbits/s speed=5.74x elapsed=0:00:58.45
frame=10142 fps=172 q=24.0 size=  157440KiB time=00:05:38.00 bitrate=3815.8kbits/s speed=5.73x elapsed=0:00:58.96
frame=10224 fps=172 q=24.0 size=  159232KiB time=00:05:40.73 bitrate=3828.3kbits/s speed=5.73x elapsed=0:00:59.46
frame=10328 fps=172 q=24.0 size=  160256KiB time=00:05:44.20 bitrate=3814.1kbits/s speed=5.74x elapsed=0:00:59.97
frame=10440 fps=173 q=24.0 size=  160256KiB time=00:05:47.93 bitrate=3773.2kbits/s speed=5.75x elapsed=0:01:00.47
frame=10509 fps=172 q=24.0 size=  161792KiB time=00:05:50.20 bitrate=3784.7kbits/s speed=5.74x elapsed=0:01:00.98
frame=10536 fps=171 q=24.0 size=  162304KiB time=00:05:51.13 bitrate=3786.6kbits/s speed=5.71x elapsed=0:01:01.48
frame=10632 fps=172 q=24.0 size=  162560KiB time=00:05:54.33 bitrate=3758.3kbits/s speed=5.72x elapsed=0:01:01.99
frame=10687 fps=171 q=24.0 size=  166400KiB time=00:05:56.16 bitrate=3827.3kbits/s speed= 5.7x elapsed=0:01:02.49
frame=10774 fps=171 q=24.0 size=  167424KiB time=00:05:59.06 bitrate=3819.7kbits/s speed= 5.7x elapsed=0:01:03.00
frame=10851 fps=171 q=24.0 size=  167680KiB time=00:06:01.63 bitrate=3798.4kbits/s speed=5.69x elapsed=0:01:03.50
frame=10956 fps=171 q=24.0 size=  167680KiB time=00:06:05.13 bitrate=3762.0kbits/s speed= 5.7x elapsed=0:01:04.00
frame=11066 fps=172 q=24.0 size=  168704KiB time=00:06:08.80 bitrate=3747.4kbits/s speed=5.72x elapsed=0:01:04.51
frame=11165 fps=172 q=24.0 size=  168704KiB time=00:06:12.10 bitrate=3714.1kbits/s speed=5.72x elapsed=0:01:05.01
frame=11271 fps=172 q=24.0 size=  169472KiB time=00:06:15.63 bitrate=3695.9kbits/s speed=5.73x elapsed=0:01:05.52
frame=11357 fps=172 q=24.0 size=  169728KiB time=00:06:18.50 bitrate=3673.5kbits/s speed=5.73x elapsed=0:01:06.02
frame=11402 fps=171 q=24.0 size=  171264KiB time=00:06:20.00 bitrate=3692.1kbits/s speed=5.71x elapsed=0:01:06.52
frame=11460 fps=171 q=24.0 size=  172288KiB time=00:06:21.93 bitrate=3695.4kbits/s speed= 5.7x elapsed=0:01:07.03
frame=11516 fps=171 q=24.0 size=  173568KiB time=00:06:23.80 bitrate=3704.7kbits/s speed=5.68x elapsed=0:01:07.53
frame=11592 fps=170 q=24.0 size=  174592KiB time=00:06:26.33 bitrate=3702.1kbits/s speed=5.68x elapsed=0:01:08.04
frame=11645 fps=170 q=24.0 size=  178432KiB time=00:06:28.10 bitrate=3766.3kbits/s speed=5.66x elapsed=0:01:08.54
frame=11715 fps=170 q=24.0 size=  178688KiB time=00:06:30.43 bitrate=3749.2kbits/s speed=5.65x elapsed=0:01:09.05
frame=11772 fps=169 q=24.0 size=  179712KiB time=00:06:32.33 bitrate=3752.4kbits/s speed=5.64x elapsed=0:01:09.55
frame=11804 fps=168 q=24.0 size=  180992KiB time=00:06:33.40 bitrate=3768.9kbits/s speed=5.62x elapsed=0:01:10.06
frame=11831 fps=168 q=24.0 size=  183296KiB time=00:06:34.30 bitrate=3808.2kbits/s speed=5.59x elapsed=0:01:10.56
frame=11909 fps=168 q=24.0 size=  184832KiB time=00:06:36.90 bitrate=3814.9kbits/s speed=5.58x elapsed=0:01:11.06
frame=12020 fps=168 q=24.0 size=  184832KiB time=00:06:40.60 bitrate=3779.7kbits/s speed= 5.6x elapsed=0:01:11.57
frame=12123 fps=168 q=24.0 size=  185600KiB time=00:06:44.03 bitrate=3763.1kbits/s speed=5.61x elapsed=0:01:12.07
frame=12226 fps=168 q=24.0 size=  185856KiB time=00:06:47.46 bitrate=3736.6kbits/s speed=5.61x elapsed=0:01:12.58
frame=12288 fps=168 q=24.0 size=  185856KiB time=00:06:49.53 bitrate=3717.7kbits/s speed= 5.6x elapsed=0:01:13.08
frame=12387 fps=168 q=24.0 size=  186624KiB time=00:06:52.83 bitrate=3703.2kbits/s speed=5.61x elapsed=0:01:13.58
frame=12484 fps=168 q=24.0 size=  186880KiB time=00:06:56.06 bitrate=3679.5kbits/s speed=5.62x elapsed=0:01:14.09
frame=12544 fps=168 q=24.0 size=  187648KiB time=00:06:58.06 bitrate=3677.0kbits/s speed= 5.6x elapsed=0:01:14.59
frame=12633 fps=168 q=24.0 size=  187904KiB time=00:07:01.03 bitrate=3656.0kbits/s speed=5.61x elapsed=0:01:15.10
frame=12711 fps=168 q=24.0 size=  187904KiB time=00:07:03.63 bitrate=3633.6kbits/s speed= 5.6x elapsed=0:01:15.60
frame=12758 fps=168 q=24.0 size=  187904KiB time=00:07:05.20 bitrate=3620.2kbits/s speed=5.59x elapsed=0:01:16.10
frame=12797 fps=167 q=24.0 size=  191232KiB time=00:07:06.50 bitrate=3673.1kbits/s speed=5.57x elapsed=0:01:16.61
frame=12846 fps=167 q=24.0 size=  192256KiB time=00:07:08.13 bitrate=3678.7kbits/s speed=5.55x elapsed=0:01:17.11
frame=12961 fps=167 q=24.0 size=  192512KiB time=00:07:11.96 bitrate=3650.9kbits/s speed=5.57x elapsed=0:01:17.61
frame=13029 fps=167 q=24.0 size=  194560KiB time=00:07:14.23 bitrate=3670.5kbits/s speed=5.56x elapsed=0:01:18.12
frame=13090 fps=166 q=24.0 size=  196864KiB time=00:07:16.26 bitrate=3696.6kbits/s speed=5.55x elapsed=0:01:18.62
frame=13164 fps=166 q=24.0 size=  196864KiB time=00:07:18.73 bitrate=3675.8kbits/s speed=5.54x elapsed=0:01:19.12
frame=13259 fps=167 q=24.0 size=  200960KiB time=00:07:21.90 bitrate=3725.4kbits/s speed=5.55x elapsed=0:01:19.63
frame=13313 fps=166 q=24.0 size=  203264KiB time=00:07:23.70 bitrate=3752.8kbits/s speed=5.54x elapsed=0:01:20.13
frame=13370 fps=166 q=24.0 size=  207104KiB time=00:07:25.60 bitrate=3807.4kbits/s speed=5.53x elapsed=0:01:20.64
frame=13445 fps=166 q=24.0 size=  207104KiB time=00:07:28.10 bitrate=3786.2kbits/s speed=5.52x elapsed=0:01:21.14
frame=13512 fps=165 q=24.0 size=  209920KiB time=00:07:30.33 bitrate=3818.6kbits/s speed=5.52x elapsed=0:01:21.64
frame=13596 fps=166 q=24.0 size=  210688KiB time=00:07:33.13 bitrate=3808.9kbits/s speed=5.52x elapsed=0:01:22.14
frame=13712 fps=166 q=24.0 size=  211456KiB time=00:07:37.00 bitrate=3790.5kbits/s speed=5.53x elapsed=0:01:22.65
frame=13813 fps=166 q=24.0 size=  211712KiB time=00:07:40.40 bitrate=3767.0kbits/s speed=5.54x elapsed=0:01:23.15
frame=13926 fps=166 q=24.0 size=  212224KiB time=00:07:44.13 bitrate=3745.8kbits/s speed=5.55x elapsed=0:01:23.66
frame=13998 fps=166 q=24.0 size=  214272KiB time=00:07:46.53 bitrate=3762.5kbits/s speed=5.54x elapsed=0:01:24.16
frame=14063 fps=166 q=24.0 size=  217088KiB time=00:07:48.70 bitrate=3794.3kbits/s speed=5.54x elapsed=0:01:24.66
frame=14114 fps=166 q=24.0 size=  220160KiB time=00:07:50.40 bitrate=3834.1kbits/s speed=5.52x elapsed=0:01:25.16
frame=14212 fps=166 q=24.0 size=  221696KiB time=00:07:53.66 bitrate=3834.2kbits/s speed=5.53x elapsed=0:01:25.67
frame=14276 fps=166 q=24.0 size=  226048KiB time=00:07:55.80 bitrate=3891.9kbits/s speed=5.52x elapsed=0:01:26.17
frame=14390 fps=166 q=24.0 size=  226560KiB time=00:07:59.60 bitrate=3869.8kbits/s speed=5.53x elapsed=0:01:26.68
frame=14504 fps=166 q=24.0 size=  226816KiB time=00:08:03.40 bitrate=3843.8kbits/s speed=5.54x elapsed=0:01:27.18
frame=14620 fps=167 q=24.0 size=  227584KiB time=00:08:07.26 bitrate=3826.2kbits/s speed=5.56x elapsed=0:01:27.68
frame=14733 fps=167 q=24.0 size=  227840KiB time=00:08:11.03 bitrate=3801.1kbits/s speed=5.57x elapsed=0:01:28.18
frame=14830 fps=167 q=24.0 size=  228608KiB time=00:08:14.26 bitrate=3789.0kbits/s speed=5.57x elapsed=0:01:28.69
frame=14939 fps=167 q=24.0 size=  228864KiB time=00:08:17.90 bitrate=3765.5kbits/s speed=5.58x elapsed=0:01:29.19
frame=15044 fps=168 q=24.0 size=  229888KiB time=00:08:21.40 bitrate=3756.0kbits/s speed=5.59x elapsed=0:01:29.70
frame=15165 fps=168 q=24.0 size=  229888KiB time=00:08:25.43 bitrate=3726.0kbits/s speed= 5.6x elapsed=0:01:30.20
frame=15257 fps=168 q=24.0 size=  230400KiB time=00:08:28.50 bitrate=3711.8kbits/s speed=5.61x elapsed=0:01:30.70
frame=15376 fps=169 q=24.0 size=  231168KiB time=00:08:32.46 bitrate=3695.3kbits/s speed=5.62x elapsed=0:01:31.21
frame=15449 fps=168 q=24.0 size=  231168KiB time=00:08:34.90 bitrate=3677.9kbits/s speed=5.61x elapsed=0:01:31.71
frame=15552 fps=169 q=24.0 size=  233984KiB time=00:08:38.33 bitrate=3698.0kbits/s speed=5.62x elapsed=0:01:32.21
frame=15653 fps=169 q=24.0 size=  234240KiB time=00:08:41.70 bitrate=3678.2kbits/s speed=5.63x elapsed=0:01:32.71
frame=15719 fps=169 q=24.0 size=  236032KiB time=00:08:43.90 bitrate=3690.7kbits/s speed=5.62x elapsed=0:01:33.22
frame=15803 fps=169 q=24.0 size=  237824KiB time=00:08:46.70 bitrate=3699.0kbits/s speed=5.62x elapsed=0:01:33.72
frame=15896 fps=169 q=24.0 size=  239104KiB time=00:08:49.80 bitrate=3697.1kbits/s speed=5.62x elapsed=0:01:34.22
frame=16023 fps=169 q=24.0 size=  239360KiB time=00:08:54.03 bitrate=3671.8kbits/s speed=5.64x elapsed=0:01:34.73
frame=16126 fps=169 q=24.0 size=  240384KiB time=00:08:57.46 bitrate=3663.9kbits/s speed=5.64x elapsed=0:01:35.23
frame=16195 fps=169 q=24.0 size=  243968KiB time=00:08:59.76 bitrate=3702.7kbits/s speed=5.64x elapsed=0:01:35.74
frame=16295 fps=169 q=24.0 size=  246016KiB time=00:09:03.10 bitrate=3710.9kbits/s speed=5.64x elapsed=0:01:36.24
frame=16403 fps=170 q=24.0 size=  247040KiB time=00:09:06.70 bitrate=3701.8kbits/s speed=5.65x elapsed=0:01:36.74
frame=16525 fps=170 q=24.0 size=  247040KiB time=00:09:10.76 bitrate=3674.4kbits/s speed=5.66x elapsed=0:01:37.24
frame=16590 fps=170 q=24.0 size=  247040KiB time=00:09:12.93 bitrate=3660.0kbits/s speed=5.66x elapsed=0:01:37.75
frame=16699 fps=170 q=24.0 size=  251392KiB time=00:09:16.60 bitrate=3700.0kbits/s speed=5.66x elapsed=0:01:38.25
frame=16809 fps=170 q=24.0 size=  252416KiB time=00:09:20.23 bitrate=3690.9kbits/s speed=5.67x elapsed=0:01:38.75
frame=16933 fps=171 q=24.0 size=  252672KiB time=00:09:24.36 bitrate=3667.6kbits/s speed=5.69x elapsed=0:01:39.26
frame=17051 fps=171 q=24.0 size=  253440KiB time=00:09:28.30 bitrate=3653.3kbits/s speed= 5.7x elapsed=0:01:39.76
frame=17169 fps=171 q=21.0 size=  253696KiB time=00:09:32.23 bitrate=3631.9kbits/s speed=5.71x elapsed=0:01:40.27
frame=17256 fps=171 q=24.0 size=  255488KiB time=00:09:35.13 bitrate=3639.1kbits/s speed=5.71x elapsed=0:01:40.77
frame=17356 fps=171 q=24.0 size=  256768KiB time=00:09:38.46 bitrate=3636.2kbits/s speed=5.71x elapsed=0:01:41.28
frame=17479 fps=172 q=24.0 size=  257024KiB time=00:09:42.56 bitrate=3614.2kbits/s speed=5.72x elapsed=0:01:41.78
frame=17545 fps=172 q=21.0 size=  260096KiB time=00:09:44.76 bitrate=3643.7kbits/s speed=5.72x elapsed=0:01:42.28
frame=17648 fps=172 q=24.0 size=  261632KiB time=00:09:48.20 bitrate=3643.8kbits/s speed=5.72x elapsed=0:01:42.78
frame=17762 fps=172 q=24.0 size=  261888KiB time=00:09:52.00 bitrate=3624.0kbits/s speed=5.73x elapsed=0:01:43.29
frame=17862 fps=172 q=24.0 size=  263168KiB time=00:09:55.33 bitrate=3621.3kbits/s speed=5.74x elapsed=0:01:43.79
frame=17950 fps=172 q=24.0 size=  263680KiB time=00:09:58.26 bitrate=3610.5kbits/s speed=5.74x elapsed=0:01:44.29
frame=18068 fps=172 q=24.0 size=  264704KiB time=00:10:02.20 bitrate=3600.9kbits/s speed=5.75x elapsed=0:01:44.80
frame=18174 fps=173 q=24.0 size=  265472KiB time=00:10:05.73 bitrate=3590.3kbits/s speed=5.75x elapsed=0:01:45.30
frame=18258 fps=173 q=24.0 size=  267008KiB time=00:10:08.53 bitrate=3594.4kbits/s speed=5.75x elapsed=0:01:45.80
frame=18365 fps=173 q=24.0 size=  268544KiB time=00:10:12.10 bitrate=3594.0kbits/s speed=5.76x elapsed=0:01:46.30
frame=18487 fps=173 q=24.0 size=  268800KiB time=00:10:16.16 bitrate=3573.7kbits/s speed=5.77x elapsed=0:01:46.81
frame=18602 fps=173 q=24.0 size=  269568KiB time=00:10:20.00 bitrate=3561.8kbits/s speed=5.78x elapsed=0:01:47.32
frame=18713 fps=174 q=24.0 size=  269824KiB time=00:10:23.70 bitrate=3544.0kbits/s speed=5.78x elapsed=0:01:47.82
frame=18803 fps=174 q=24.0 size=  270592KiB time=00:10:26.70 bitrate=3537.1kbits/s speed=5.79x elapsed=0:01:48.32
frame=18875 fps=173 q=24.0 size=  272640KiB time=00:10:29.10 bitrate=3550.3kbits/s speed=5.78x elapsed=0:01:48.83
frame=18947 fps=173 q=24.0 size=  275200KiB time=00:10:31.50 bitrate=3570.0kbits/s speed=5.78x elapsed=0:01:49.33
frame=19075 fps=174 q=24.0 size=  275456KiB time=00:10:35.76 bitrate=3549.3kbits/s speed=5.79x elapsed=0:01:49.83
[mp4 @ 0xa2ad50500] Starting second pass: moving the moov atom to the beginning of the file
[out#0/mp4 @ 0xa2b028300] video:261361KiB audio:14253KiB subtitle:10KiB other streams:0KiB global headers:0KiB muxing overhead: 0.242796%
frame=19086 fps=173 q=-1.0 Lsize=  276293KiB time=00:10:36.13 bitrate=3558.0kbits/s speed=5.77x elapsed=0:01:50.15
[libx264 @ 0xa2b031f80] frame I:121   Avg QP:14.44  size:238814
[libx264 @ 0xa2b031f80] frame P:7558  Avg QP:17.57  size: 27285
[libx264 @ 0xa2b031f80] frame B:11407 Avg QP:18.54  size:  2851
[libx264 @ 0xa2b031f80] consecutive B-frames: 16.8%  9.4%  3.3% 70.5%
[libx264 @ 0xa2b031f80] mb I  I16..4: 46.8%  7.7% 45.6%
[libx264 @ 0xa2b031f80] mb P  I16..4:  5.6%  1.3%  1.3%  P16..4: 13.4%  2.7%  2.0%  0.0%  0.0%    skip:73.7%
[libx264 @ 0xa2b031f80] mb B  I16..4:  0.5%  0.1%  0.1%  B16..8:  1.9%  0.8%  0.2%  direct: 1.4%  skip:95.0%  L0:37.2% L1:42.8% BI:20.0%
[libx264 @ 0xa2b031f80] 8x8 transform intra:15.0% inter:18.2%
[libx264 @ 0xa2b031f80] coded y,uvDC,uvAC intra: 28.0% 12.6% 7.5% inter: 4.4% 1.4% 0.4%
[libx264 @ 0xa2b031f80] i16 v,h,dc,p: 43% 55%  2%  0%
[libx264 @ 0xa2b031f80] i8 v,h,dc,ddl,ddr,vr,hd,vl,hu: 17% 59% 19%  1%  1%  1%  1%  0%  2%
[libx264 @ 0xa2b031f80] i4 v,h,dc,ddl,ddr,vr,hd,vl,hu: 23% 41% 15%  2%  5%  3%  4%  3%  5%
[libx264 @ 0xa2b031f80] i8c dc,h,v,p: 66% 27%  6%  1%
[libx264 @ 0xa2b031f80] Weighted P-Frames: Y:2.2% UV:0.2%
[libx264 @ 0xa2b031f80] kb/s:3365.39
